<?xml version="1.0" encoding="UTF-8"?>
<!-- Generated by org.testng.reporters.JUnitReportReporter -->
<testsuite hostname="DESKTOP-K5BIEO7" failures="0" tests="1" name="cart.DWS_AddDesktopToCartAndCompare_05_Test" time="6.214" errors="0" timestamp="2023-11-01T22:13:54 IST" skipped="0">
  <testcase classname="cart.DWS_AddDesktopToCartAndCompare_05_Test" name="CompareTwoProduct" time="6.214"/>
  <system-out/>
</testsuite> <!-- cart.DWS_AddDesktopToCartAndCompare_05_Test -->
