<?xml version="1.0" encoding="UTF-8"?>
<!-- Generated by org.testng.reporters.JUnitReportReporter -->
<testsuite hostname="DESKTOP-K5BIEO7" failures="0" tests="4" name="frameworkcheck.ExcelCheck" time="0.042" errors="0" timestamp="2023-10-27T14:50:49 IST" skipped="0">
  <testcase classname="frameworkcheck.ExcelCheck" name="read" time="0.009"/>
  <system-out/>
  <testcase classname="frameworkcheck.ExcelCheck" name="read" time="0.005"/>
  <system-out/>
  <testcase classname="frameworkcheck.ExcelCheck" name="read" time="0.003"/>
  <system-out/>
  <testcase classname="frameworkcheck.ExcelCheck" name="read" time="0.025"/>
  <system-out/>
</testsuite> <!-- frameworkcheck.ExcelCheck -->
