<?xml version="1.0" encoding="UTF-8"?>
<!-- Generated by org.testng.reporters.JUnitReportReporter -->
<testsuite hostname="DESKTOP-K5BIEO7" failures="0" tests="1" name="cart.DWS_AddBookToCart_04_test" time="27.809" errors="0" timestamp="2023-11-03T13:51:56 IST" skipped="0">
  <testcase classname="cart.DWS_AddBookToCart_04_test" name="addBook_To_Cart" time="27.809"/>
  <system-out/>
</testsuite> <!-- cart.DWS_AddBookToCart_04_test -->
