<?xml version="1.0" encoding="UTF-8"?>
<!-- Generated by org.testng.reporters.JUnitReportReporter -->
<testsuite hostname="DESKTOP-K5BIEO7" failures="0" tests="1" name="login.DWS_Login_01_test" time="3.365" errors="0" timestamp="2023-11-03T14:17:13 IST" skipped="0">
  <testcase classname="login.DWS_Login_01_test" name="Login_to_application_with_valid_credentials" time="3.365"/>
  <system-out/>
</testsuite> <!-- login.DWS_Login_01_test -->
