<?xml version="1.0" encoding="UTF-8"?>
<!-- Generated by org.testng.reporters.JUnitReportReporter -->
<testsuite hostname="DESKTOP-K5BIEO7" failures="0" tests="1" name="login.DWS_AddAnyProductToCart_03_Test" time="3.435" errors="0" timestamp="2023-11-01T19:03:44 IST" skipped="0">
  <testcase classname="login.DWS_AddAnyProductToCart_03_Test" name="add_product_to_cart" time="3.435"/>
  <system-out/>
</testsuite> <!-- login.DWS_AddAnyProductToCart_03_Test -->
