<?xml version="1.0" encoding="UTF-8"?>
<!-- Generated by org.testng.reporters.JUnitReportReporter -->
<testsuite hostname="DESKTOP-K5BIEO7" failures="0" tests="1" name="login.DWS_Register_02_Test" time="11.011" errors="0" timestamp="2023-11-03T14:54:07 IST" skipped="0">
  <testcase classname="login.DWS_Register_02_Test" name="Register_using_credentials" time="11.011"/>
  <system-out/>
</testsuite> <!-- login.DWS_Register_02_Test -->
